SF:/Users/renggli/Programming/Dart/MoreDart/lib/src/tuple/tuple.dart
DA:18,6
DA:21,1
DA:22,1
DA:23,1
DA:25,1
DA:26,1
DA:27,1
DA:28,1
DA:29,1
DA:30,1
DA:31,1
DA:32,1
DA:33,1
DA:34,1
DA:35,1
DA:36,1
DA:37,1
DA:38,1
DA:39,1
DA:40,1
DA:41,1
DA:42,1
DA:44,1
DA:45,2
DA:56,1
DA:57,2
DA:60,3
DA:66,1
DA:67,3
LF:29
LH:29
end_of_record
SF:/Users/renggli/Programming/Dart/MoreDart/lib/src/tuple/tuple_0.dart
DA:7,6
DA:10,1
DA:11,1
DA:12,1
DA:13,2
DA:18,1
DA:22,2
DA:25,2
DA:28,1
DA:30,1
DA:31,1
DA:33,1
DA:34,1
DA:36,1
LF:14
LH:14
end_of_record
SF:/Users/renggli/Programming/Dart/MoreDart/lib/src/tuple/tuple_1.dart
DA:8,3
DA:11,1
DA:12,2
DA:13,1
DA:14,2
DA:16,2
DA:19,1
DA:26,2
DA:29,2
DA:32,2
DA:35,3
DA:38,3
DA:41,3
DA:44,1
DA:47,1
DA:50,1
DA:51,1
DA:54,1
DA:55,2
DA:57,1
DA:59,4
DA:61,1
DA:62,2
LF:23
LH:23
end_of_record
SF:/Users/renggli/Programming/Dart/MoreDart/lib/src/tuple/tuple_2.dart
DA:8,3
DA:11,1
DA:12,2
DA:13,1
DA:14,2
DA:16,3
DA:19,1
DA:29,2
DA:32,3
DA:35,3
DA:38,3
DA:41,4
DA:44,4
DA:47,4
DA:50,4
DA:53,3
DA:56,3
DA:59,3
DA:62,1
DA:63,1
DA:64,1
DA:67,1
DA:68,3
DA:70,1
DA:73,7
DA:75,1
DA:76,3
LF:27
LH:27
end_of_record
SF:/Users/renggli/Programming/Dart/MoreDart/lib/src/tuple/tuple_3.dart
DA:8,2
DA:11,1
DA:12,2
DA:13,1
DA:14,2
DA:16,4
DA:19,1
DA:32,2
DA:35,4
DA:38,4
DA:41,4
DA:44,4
DA:47,1
DA:48,4
DA:51,1
DA:52,4
DA:55,1
DA:56,4
DA:59,1
DA:60,4
DA:63,1
DA:64,4
DA:67,4
DA:70,4
DA:73,4
DA:76,4
DA:79,1
DA:80,1
DA:81,1
DA:82,1
DA:85,1
DA:87,4
DA:89,1
DA:92,1
DA:93,3
DA:94,3
DA:95,3
DA:97,1
DA:98,4
LF:39
LH:39
end_of_record
SF:/Users/renggli/Programming/Dart/MoreDart/lib/src/tuple/tuple_4.dart
DA:8,2
DA:11,1
DA:12,2
DA:13,1
DA:14,2
DA:16,5
DA:19,1
DA:35,2
DA:38,1
DA:39,4
DA:42,1
DA:43,4
DA:46,1
DA:47,4
DA:50,1
DA:51,4
DA:54,1
DA:55,4
DA:58,1
DA:59,5
DA:62,1
DA:63,5
DA:66,1
DA:67,5
DA:70,1
DA:71,5
DA:74,1
DA:75,5
DA:78,1
DA:79,5
DA:82,5
DA:85,5
DA:88,5
DA:91,5
DA:94,5
DA:97,1
DA:98,1
DA:99,1
DA:100,1
DA:101,1
DA:104,1
DA:106,5
DA:108,1
DA:111,1
DA:112,3
DA:113,3
DA:114,3
DA:115,3
DA:117,1
DA:118,5
LF:50
LH:50
end_of_record
SF:/Users/renggli/Programming/Dart/MoreDart/lib/src/tuple/tuple_5.dart
DA:8,2
DA:11,1
DA:12,2
DA:13,1
DA:14,2
DA:16,6
DA:19,1
DA:38,2
DA:41,1
DA:42,5
DA:45,1
DA:46,5
DA:49,1
DA:50,5
DA:53,1
DA:54,5
DA:57,1
DA:58,5
DA:61,1
DA:62,5
DA:65,1
DA:66,6
DA:69,1
DA:70,6
DA:73,1
DA:74,6
DA:77,1
DA:78,6
DA:81,1
DA:82,6
DA:85,1
DA:86,6
DA:89,1
DA:90,6
DA:93,6
DA:96,6
DA:99,6
DA:102,6
DA:105,6
DA:108,6
DA:111,1
DA:112,1
DA:113,1
DA:114,1
DA:115,1
DA:116,1
DA:119,1
DA:123,6
DA:125,1
DA:128,1
DA:129,3
DA:130,3
DA:131,3
DA:132,3
DA:133,3
DA:135,1
DA:136,6
LF:57
LH:57
end_of_record
SF:/Users/renggli/Programming/Dart/MoreDart/lib/src/tuple/tuple_6.dart
DA:8,2
DA:12,1
DA:13,2
DA:14,1
DA:15,2
DA:17,7
DA:20,1
DA:42,2
DA:45,1
DA:46,6
DA:49,1
DA:50,6
DA:53,1
DA:54,6
DA:57,1
DA:58,6
DA:61,1
DA:62,6
DA:65,1
DA:66,6
DA:69,1
DA:70,6
DA:73,1
DA:74,7
DA:77,1
DA:78,7
DA:81,1
DA:82,7
DA:85,1
DA:86,7
DA:89,1
DA:90,7
DA:93,1
DA:94,7
DA:97,1
DA:98,7
DA:101,1
DA:102,7
DA:105,1
DA:106,6
DA:109,1
DA:110,6
DA:113,1
DA:114,6
DA:117,1
DA:118,6
DA:121,1
DA:122,6
DA:125,1
DA:126,6
DA:129,1
DA:130,6
DA:133,1
DA:134,1
DA:135,1
DA:136,1
DA:137,1
DA:138,1
DA:139,1
DA:142,1
DA:147,7
DA:149,1
DA:152,1
DA:153,3
DA:154,3
DA:155,3
DA:156,3
DA:157,3
DA:158,3
DA:160,1
DA:161,7
LF:71
LH:71
end_of_record
SF:/Users/renggli/Programming/Dart/MoreDart/lib/src/tuple/tuple_7.dart
DA:8,2
DA:12,1
DA:13,2
DA:14,1
DA:15,2
DA:17,1
DA:18,7
DA:21,1
DA:46,2
DA:49,1
DA:50,7
DA:53,1
DA:54,7
DA:57,1
DA:58,7
DA:61,1
DA:62,7
DA:65,1
DA:66,7
DA:69,1
DA:70,7
DA:73,1
DA:74,7
DA:77,1
DA:78,7
DA:81,1
DA:82,8
DA:85,1
DA:86,8
DA:89,1
DA:90,8
DA:93,1
DA:94,8
DA:97,1
DA:98,8
DA:101,1
DA:102,8
DA:105,1
DA:106,8
DA:109,1
DA:110,8
DA:113,1
DA:114,8
DA:117,1
DA:118,7
DA:121,1
DA:122,7
DA:125,1
DA:126,7
DA:129,1
DA:130,7
DA:133,1
DA:134,7
DA:137,1
DA:138,7
DA:141,1
DA:142,7
DA:145,1
DA:146,7
DA:149,1
DA:150,1
DA:151,1
DA:152,1
DA:153,1
DA:154,1
DA:155,1
DA:156,1
DA:159,1
DA:164,8
DA:166,1
DA:169,1
DA:170,3
DA:171,3
DA:172,3
DA:173,3
DA:174,3
DA:175,3
DA:176,3
DA:178,1
DA:180,8
LF:80
LH:80
end_of_record
SF:/Users/renggli/Programming/Dart/MoreDart/lib/src/tuple/tuple_8.dart
DA:8,2
DA:12,1
DA:13,2
DA:14,1
DA:15,2
DA:17,1
DA:18,8
DA:21,1
DA:49,2
DA:52,1
DA:53,8
DA:56,1
DA:57,8
DA:60,1
DA:61,8
DA:64,1
DA:65,8
DA:68,1
DA:69,8
DA:72,1
DA:73,8
DA:76,1
DA:77,8
DA:80,1
DA:81,8
DA:84,1
DA:85,8
DA:88,2
DA:89,8
DA:92,2
DA:93,8
DA:96,2
DA:97,8
DA:100,2
DA:101,8
DA:104,2
DA:105,8
DA:108,2
DA:109,8
DA:112,2
DA:113,8
DA:116,2
DA:117,8
DA:120,2
DA:121,8
DA:124,2
DA:125,8
DA:128,1
DA:129,8
DA:132,1
DA:133,8
DA:136,1
DA:137,8
DA:140,1
DA:141,8
DA:144,1
DA:145,8
DA:148,1
DA:149,8
DA:152,1
DA:153,8
DA:156,1
DA:157,8
DA:160,1
DA:161,8
DA:164,1
DA:165,1
DA:166,1
DA:167,1
DA:168,1
DA:169,1
DA:170,1
DA:171,1
DA:172,1
DA:175,1
DA:180,9
DA:182,1
DA:185,1
DA:186,3
DA:187,3
DA:188,3
DA:189,3
DA:190,3
DA:191,3
DA:192,3
DA:193,3
DA:195,1
DA:197,9
LF:88
LH:88
end_of_record
SF:/Users/renggli/Programming/Dart/MoreDart/lib/src/tuple/tuple_9.dart
DA:7,2
DA:11,1
DA:12,2
DA:13,1
DA:14,2
DA:16,8
DA:17,2
DA:20,1
DA:51,2
DA:54,2
DA:55,8
DA:58,1
DA:59,9
DA:62,2
DA:63,8
DA:66,1
DA:67,9
DA:70,2
DA:71,8
DA:74,2
DA:75,8
DA:78,1
DA:79,9
DA:82,1
DA:83,9
DA:86,2
DA:87,8
DA:90,2
DA:91,8
DA:94,1
DA:95,9
DA:98,1
DA:99,9
DA:102,1
DA:103,9
DA:106,1
DA:107,9
DA:110,1
DA:111,9
DA:114,1
DA:115,9
DA:118,1
DA:119,9
DA:122,1
DA:123,9
DA:126,1
DA:127,9
DA:130,1
DA:131,9
DA:134,1
DA:135,1
DA:136,1
DA:137,1
DA:138,1
DA:139,1
DA:140,1
DA:141,1
DA:142,1
DA:143,1
DA:146,1
DA:151,1
DA:152,9
DA:154,1
DA:157,1
DA:158,3
DA:159,3
DA:160,3
DA:161,3
DA:162,3
DA:163,3
DA:164,3
DA:165,3
DA:166,3
DA:168,1
DA:169,1
DA:170,9
LF:76
LH:76
end_of_record
SF:/Users/renggli/Programming/Dart/MoreDart/lib/src/printer/builder.dart
DA:8,1
DA:12,1
LF:2
LH:2
end_of_record
SF:/Users/renggli/Programming/Dart/MoreDart/lib/src/printer/empty.dart
DA:7,1
DA:8,1
DA:13,1
DA:18,1
DA:20,5
DA:22,1
DA:23,1
DA:24,2
DA:25,2
LF:9
LH:9
end_of_record
SF:/Users/renggli/Programming/Dart/MoreDart/lib/src/printer/iterable.dart
DA:7,1
DA:14,1
DA:24,1
DA:51,1
DA:53,1
DA:54,1
DA:55,2
DA:56,1
DA:57,3
DA:58,2
DA:59,1
DA:60,2
DA:64,4
DA:65,1
DA:66,1
DA:67,3
DA:68,1
DA:69,1
DA:70,2
DA:71,3
DA:73,1
DA:74,2
DA:76,4
DA:78,3
DA:83,1
DA:84,1
DA:85,2
DA:86,2
DA:87,2
DA:88,2
DA:89,2
DA:90,2
LF:32
LH:32
end_of_record
SF:/Users/renggli/Programming/Dart/MoreDart/lib/src/printer/literal.dart
DA:6,3
DA:10,1
DA:11,2
DA:13,1
DA:15,3
LF:5
LH:5
end_of_record
SF:/Users/renggli/Programming/Dart/MoreDart/lib/src/printer/null.dart
DA:7,2
DA:12,1
DA:17,1
DA:19,4
DA:21,1
DA:22,1
DA:23,2
DA:24,2
LF:8
LH:8
end_of_record
SF:/Users/renggli/Programming/Dart/MoreDart/lib/src/printer/number/fixed.dart
DA:13,1
DA:24,1
DA:26,2
DA:27,3
DA:28,2
DA:29,2
DA:31,2
DA:32,3
DA:33,2
DA:34,2
DA:72,1
DA:74,2
DA:75,1
DA:76,2
DA:77,1
DA:78,2
DA:80,1
DA:84,1
DA:85,3
DA:86,2
DA:87,3
DA:88,1
DA:89,2
DA:90,2
DA:91,4
DA:92,2
DA:96,1
DA:97,4
DA:98,1
DA:101,1
DA:102,2
DA:103,2
DA:106,1
DA:107,3
DA:108,2
DA:109,2
DA:112,1
DA:113,1
DA:114,2
DA:115,2
DA:116,2
DA:117,2
DA:118,2
DA:119,2
DA:120,2
DA:121,2
DA:122,2
DA:123,2
LF:48
LH:48
end_of_record
SF:/Users/renggli/Programming/Dart/MoreDart/lib/src/printer/number/human.dart
DA:79,1
DA:94,1
DA:110,1
DA:124,1
DA:145,1
DA:159,1
DA:220,1
DA:222,1
DA:223,2
DA:224,2
DA:226,3
DA:227,4
DA:228,2
DA:229,2
DA:230,4
DA:231,1
DA:232,2
DA:233,1
DA:234,1
DA:235,2
DA:236,2
DA:238,2
DA:239,2
DA:240,1
DA:245,1
DA:246,3
DA:249,6
DA:253,1
DA:254,1
DA:255,2
DA:256,2
DA:257,2
DA:258,2
DA:259,2
DA:260,2
DA:261,2
DA:262,2
DA:263,2
DA:264,2
DA:265,2
DA:266,2
DA:267,2
DA:268,2
LF:43
LH:43
end_of_record
SF:/Users/renggli/Programming/Dart/MoreDart/lib/src/printer/number/scientific.dart
DA:11,1
DA:25,1
DA:37,1
DA:90,1
DA:92,1
DA:93,2
DA:94,2
DA:96,1
DA:97,4
DA:98,2
DA:99,2
DA:100,2
DA:103,1
DA:104,3
DA:107,5
DA:108,4
DA:112,1
DA:113,1
DA:114,2
DA:115,2
DA:116,2
DA:117,2
DA:118,2
DA:119,2
DA:120,2
DA:121,2
DA:122,2
DA:123,2
DA:124,2
DA:125,2
DA:126,2
LF:31
LH:31
end_of_record
SF:/Users/renggli/Programming/Dart/MoreDart/lib/src/printer/number/sign.dart
DA:7,4
DA:12,5
DA:15,1
DA:16,0
DA:19,1
DA:20,0
DA:25,1
DA:27,3
DA:28,1
DA:31,1
DA:32,1
DA:33,2
DA:34,2
LF:13
LH:11
end_of_record
SF:/Users/renggli/Programming/Dart/MoreDart/lib/src/printer/object/field.dart
DA:12,1
DA:14,3
LF:2
LH:2
end_of_record
SF:/Users/renggli/Programming/Dart/MoreDart/lib/src/printer/object/object.dart
DA:14,1
DA:21,2
DA:24,1
DA:31,1
DA:34,1
DA:69,1
DA:77,1
DA:84,1
DA:91,2
DA:92,1
DA:95,1
DA:102,2
DA:103,1
DA:106,3
DA:108,1
DA:110,2
DA:111,1
DA:114,1
DA:117,2
DA:118,1
DA:119,2
DA:120,2
DA:122,2
DA:123,2
DA:125,1
DA:126,1
DA:129,2
DA:130,2
DA:134,1
DA:136,1
DA:138,1
DA:139,2
DA:141,1
DA:143,1
DA:144,2
DA:147,1
DA:148,3
DA:150,1
DA:154,1
DA:155,1
DA:156,2
DA:157,2
DA:158,2
DA:159,2
DA:160,2
DA:161,2
DA:162,2
DA:163,2
LF:48
LH:48
end_of_record
SF:/Users/renggli/Programming/Dart/MoreDart/lib/src/printer/object/type.dart
DA:5,1
DA:7,1
DA:9,2
LF:3
LH:3
end_of_record
SF:/Users/renggli/Programming/Dart/MoreDart/lib/src/printer/printer.dart
DA:14,6
DA:31,1
DA:32,1
DA:34,1
DA:35,1
DA:36,1
DA:37,1
DA:38,1
DA:39,1
DA:40,4
DA:42,1
DA:47,1
DA:48,1
DA:51,1
DA:53,1
DA:54,1
DA:55,1
LF:17
LH:17
end_of_record
SF:/Users/renggli/Programming/Dart/MoreDart/lib/src/printer/to_string.dart
DA:21,20
DA:22,20
DA:25,20
DA:27,20
DA:30,20
DA:32,40
LF:6
LH:6
end_of_record
SF:/Users/renggli/Programming/Dart/MoreDart/lib/src/printer/sequence.dart
DA:6,1
DA:7,3
DA:10,1
DA:11,3
DA:14,2
DA:15,3
DA:20,2
DA:24,1
DA:26,2
DA:27,1
DA:31,1
DA:33,3
LF:12
LH:12
end_of_record
SF:/Users/renggli/Programming/Dart/MoreDart/lib/src/printer/standard.dart
DA:5,3
DA:7,1
DA:8,1
LF:3
LH:3
end_of_record
SF:/Users/renggli/Programming/Dart/MoreDart/lib/src/printer/string/pad.dart
DA:8,1
DA:9,1
DA:12,1
DA:13,1
DA:16,1
DA:17,1
DA:22,1
DA:28,1
DA:29,1
DA:30,2
DA:31,2
DA:32,2
DA:37,1
DA:39,1
DA:41,3
DA:42,3
DA:43,1
DA:44,3
DA:46,1
DA:52,1
DA:54,1
DA:56,3
DA:57,1
DA:58,3
DA:59,1
DA:60,3
DA:67,1
DA:69,1
DA:71,3
DA:72,3
DA:73,1
DA:74,1
DA:75,1
DA:76,3
DA:78,1
DA:79,2
DA:80,1
DA:81,3
DA:84,1
LF:39
LH:39
end_of_record
SF:/Users/renggli/Programming/Dart/MoreDart/lib/src/printer/string/separate.dart
DA:9,1
DA:10,1
DA:14,1
DA:15,1
DA:20,1
DA:27,1
DA:28,1
DA:29,2
DA:30,2
DA:31,2
DA:32,2
DA:37,1
DA:40,1
DA:42,3
DA:43,1
DA:44,2
DA:45,5
DA:46,2
DA:48,2
DA:55,1
DA:58,1
DA:60,3
DA:61,1
DA:62,1
DA:63,2
DA:64,5
DA:65,2
DA:67,2
LF:28
LH:28
end_of_record
SF:/Users/renggli/Programming/Dart/MoreDart/lib/src/printer/string/trim.dart
DA:6,2
DA:9,2
DA:12,2
DA:17,1
DA:21,1
DA:23,3
DA:28,1
DA:30,1
DA:32,4
DA:37,1
DA:39,1
DA:41,4
DA:46,1
DA:48,1
DA:50,4
LF:15
LH:15
end_of_record
SF:/Users/renggli/Programming/Dart/MoreDart/lib/src/printer/string/truncate.dart
DA:8,1
DA:9,1
DA:12,1
DA:13,1
DA:18,1
DA:24,1
DA:25,1
DA:26,2
DA:27,2
DA:28,2
DA:33,1
DA:35,1
DA:37,3
DA:38,3
DA:39,2
DA:40,3
DA:42,1
DA:49,1
DA:51,1
DA:53,3
DA:54,3
DA:55,3
DA:56,2
DA:58,1
LF:24
LH:24
end_of_record
SF:/Users/renggli/Programming/Dart/MoreDart/lib/src/printer/transform.dart
DA:8,1
DA:9,1
DA:13,3
DA:18,1
DA:23,1
DA:25,4
DA:27,1
DA:28,1
DA:29,2
DA:30,2
LF:10
LH:10
end_of_record
SF:/Users/renggli/Programming/Dart/MoreDart/lib/src/printer/pluggable.dart
DA:7,1
DA:11,1
DA:12,3
DA:14,0
DA:16,0
LF:5
LH:3
end_of_record
SF:/Users/renggli/Programming/Dart/MoreDart/lib/src/printer/object/field_callback.dart
DA:8,1
DA:18,1
DA:20,2
DA:21,2
DA:22,1
DA:25,3
DA:32,1
DA:34,4
DA:36,1
DA:37,1
DA:38,2
DA:39,2
DA:40,2
DA:41,2
LF:14
LH:14
end_of_record
SF:/Users/renggli/Programming/Dart/MoreDart/lib/src/printer/object/field_value.dart
DA:8,1
DA:18,1
DA:20,2
DA:23,4
DA:29,1
DA:30,3
DA:32,1
DA:33,1
DA:34,2
DA:35,2
DA:36,2
DA:37,2
LF:12
LH:12
end_of_record
SF:/Users/renggli/Programming/Dart/MoreDart/lib/src/functional/either.dart
DA:16,2
DA:27,1
DA:33,2
DA:34,2
DA:40,1
DA:44,1
DA:46,1
DA:48,1
DA:50,1
DA:52,1
DA:126,3
DA:127,3
DA:128,3
LF:13
LH:13
end_of_record
SF:/Users/renggli/Programming/Dart/MoreDart/lib/src/functional/optional.dart
DA:20,2
DA:31,1
DA:32,2
LF:3
LH:3
end_of_record
SF:/Users/renggli/Programming/Dart/MoreDart/lib/src/functional/types/constant.dart
DA:5,2
DA:8,2
DA:11,2
DA:14,1
DA:15,1
DA:18,1
DA:19,1
DA:22,1
DA:23,1
DA:26,1
DA:28,1
DA:31,1
DA:33,1
DA:36,1
DA:38,1
DA:41,1
DA:43,1
DA:46,1
DA:48,1
LF:19
LH:19
end_of_record
SF:/Users/renggli/Programming/Dart/MoreDart/lib/src/functional/types/empty.dart
DA:4,1
DA:7,1
DA:10,1
DA:13,1
DA:16,1
DA:19,1
DA:23,1
DA:27,1
DA:31,1
DA:35,1
DA:39,1
LF:11
LH:11
end_of_record
SF:/Users/renggli/Programming/Dart/MoreDart/lib/src/functional/types/identity.dart
DA:4,1
LF:1
LH:1
end_of_record
SF:/Users/renggli/Programming/Dart/MoreDart/lib/src/functional/types/throwing.dart
DA:7,2
DA:10,1
DA:11,1
DA:14,1
DA:15,1
DA:18,1
DA:19,1
DA:22,1
DA:23,1
DA:26,1
DA:28,1
DA:31,1
DA:33,1
DA:36,1
DA:38,1
DA:41,1
DA:43,1
DA:46,1
DA:48,1
DA:52,1
DA:55,1
LF:21
LH:21
end_of_record
SF:/Users/renggli/Programming/Dart/MoreDart/lib/src/functional/optional/absent.dart
DA:10,2
DA:12,1
DA:13,1
DA:15,1
DA:18,1
DA:21,1
DA:24,1
DA:27,1
DA:28,1
DA:30,1
DA:33,1
DA:34,1
DA:36,1
DA:37,1
DA:39,1
DA:40,1
DA:42,1
DA:43,1
DA:45,1
DA:48,1
DA:49,1
DA:51,1
DA:52,1
DA:54,1
DA:55,1
DA:57,1
DA:58,1
DA:61,3
LF:28
LH:28
end_of_record
SF:/Users/renggli/Programming/Dart/MoreDart/lib/src/functional/optional/present.dart
DA:11,2
DA:16,1
DA:17,2
DA:19,1
DA:22,1
DA:23,2
DA:25,1
DA:28,1
DA:31,1
DA:33,3
DA:35,1
DA:37,5
DA:39,1
DA:41,3
DA:43,1
DA:44,2
DA:46,1
DA:49,1
DA:50,1
DA:52,1
DA:53,1
DA:55,1
DA:56,1
DA:58,1
DA:60,4
DA:62,1
DA:63,2
DA:65,1
DA:66,3
LF:29
LH:29
end_of_record
SF:/Users/renggli/Programming/Dart/MoreDart/lib/src/functional/either/left.dart
DA:9,2
DA:11,1
DA:12,1
DA:17,1
DA:18,2
DA:20,1
DA:21,1
DA:23,1
DA:24,1
DA:26,1
DA:29,1
DA:32,1
DA:34,2
DA:36,1
DA:39,3
DA:41,1
DA:43,3
DA:45,1
DA:47,2
DA:49,1
DA:52,2
DA:54,1
DA:56,2
DA:58,1
DA:60,2
DA:62,1
DA:63,2
DA:65,1
DA:67,4
DA:69,1
DA:70,2
DA:72,1
DA:73,3
LF:33
LH:33
end_of_record
SF:/Users/renggli/Programming/Dart/MoreDart/lib/src/functional/either/right.dart
DA:9,2
DA:11,1
DA:12,1
DA:14,1
DA:15,1
DA:17,1
DA:18,1
DA:23,1
DA:24,2
DA:26,1
DA:29,1
DA:32,1
DA:34,2
DA:36,1
DA:39,3
DA:41,1
DA:43,2
DA:45,1
DA:47,3
DA:49,1
DA:52,2
DA:54,1
DA:56,2
DA:58,1
DA:60,2
DA:62,1
DA:63,2
DA:65,1
DA:67,4
DA:69,1
DA:70,2
DA:72,1
DA:73,3
LF:33
LH:33
end_of_record
SF:/Users/renggli/Programming/Dart/MoreDart/lib/src/printer/number/utils.dart
DA:20,1
DA:21,1
DA:22,1
DA:24,1
DA:25,1
DA:26,1
DA:27,2
DA:28,1
DA:31,1
DA:35,1
DA:36,4
LF:11
LH:11
end_of_record
SF:/Users/renggli/Programming/Dart/MoreDart/lib/src/math/binomial.dart
DA:6,1
DA:8,2
DA:9,2
DA:11,2
DA:14,3
DA:17,2
DA:18,1
DA:21,2
DA:22,2
DA:23,1
DA:34,1
DA:36,3
DA:37,2
DA:39,3
DA:40,1
DA:42,5
DA:45,2
DA:46,1
DA:48,1
DA:49,4
DA:50,1
DA:51,2
DA:52,1
LF:23
LH:23
end_of_record
SF:/Users/renggli/Programming/Dart/MoreDart/lib/src/math/digits.dart
DA:4,1
DA:5,1
DA:8,1
DA:9,1
DA:10,1
DA:11,2
DA:21,1
DA:22,2
DA:25,1
DA:26,1
DA:27,2
DA:28,1
DA:29,3
LF:13
LH:13
end_of_record
SF:/Users/renggli/Programming/Dart/MoreDart/lib/src/math/factorial.dart
DA:31,1
DA:32,1
DA:33,2
DA:35,2
DA:36,1
DA:38,1
DA:39,3
DA:40,1
DA:51,1
DA:52,1
DA:53,1
DA:54,2
DA:56,2
DA:57,2
DA:59,2
DA:60,3
DA:61,2
LF:17
LH:17
end_of_record
SF:/Users/renggli/Programming/Dart/MoreDart/lib/src/math/hyperbolic.dart
DA:6,1
DA:7,1
DA:8,3
DA:12,3
DA:13,1
DA:14,5
DA:17,1
DA:18,1
DA:19,3
DA:23,6
DA:26,1
DA:27,3
DA:28,1
DA:30,1
DA:32,3
DA:36,6
LF:16
LH:16
end_of_record
SF:/Users/renggli/Programming/Dart/MoreDart/lib/src/math/is_probably_prime.dart
DA:9,1
DA:10,3
DA:13,6
DA:16,1
DA:19,1
DA:20,1
DA:21,1
DA:22,1
DA:25,2
DA:26,1
DA:27,3
DA:30,3
DA:31,1
DA:32,1
DA:35,2
DA:51,1
DA:52,2
DA:53,2
DA:54,2
DA:57,2
DA:58,4
DA:59,4
DA:60,4
DA:63,2
DA:66,3
DA:67,4
DA:68,2
DA:69,2
DA:72,1
DA:73,1
DA:74,1
DA:75,1
DA:76,1
DA:77,1
DA:78,1
DA:79,1
DA:80,1
DA:81,1
DA:82,5
DA:85,6
DA:86,2
DA:87,2
DA:90,3
DA:105,1
DA:106,4
DA:107,4
DA:108,2
DA:109,4
DA:111,2
DA:112,3
LF:50
LH:50
end_of_record
SF:/Users/renggli/Programming/Dart/MoreDart/lib/src/math/lcm.dart
DA:4,4
DA:10,4
LF:2
LH:2
end_of_record
SF:/Users/renggli/Programming/Dart/MoreDart/lib/src/math/math.dart
DA:5,2
DA:8,2
DA:11,2
DA:14,2
DA:17,2
DA:20,2
DA:23,2
DA:26,2
DA:29,2
DA:32,2
DA:35,2
DA:38,3
DA:41,2
DA:43,1
LF:14
LH:14
end_of_record
SF:/Users/renggli/Programming/Dart/MoreDart/lib/src/math/polynomial.dart
DA:8,1
DA:10,2
DA:11,2
DA:12,1
LF:4
LH:4
end_of_record
SF:/Users/renggli/Programming/Dart/MoreDart/lib/src/math/primes.dart
DA:6,1
DA:7,2
DA:8,3
DA:9,1
DA:10,3
DA:11,1
DA:15,2
DA:16,1
LF:8
LH:8
end_of_record
SF:/Users/renggli/Programming/Dart/MoreDart/lib/src/collection/bitlist.dart
DA:9,2
DA:13,1
DA:14,3
DA:16,2
DA:18,1
DA:22,1
DA:23,1
DA:24,3
DA:25,1
DA:26,2
DA:28,1
DA:29,3
DA:31,3
DA:32,1
DA:33,2
DA:36,1
DA:39,1
DA:43,2
DA:46,1
DA:56,1
DA:58,1
DA:59,1
DA:64,1
DA:65,7
DA:68,1
DA:70,1
DA:71,1
DA:76,1
DA:78,6
DA:80,6
DA:84,1
DA:86,4
DA:87,5
DA:88,3
DA:89,4
DA:96,1
DA:97,1
DA:98,6
DA:102,1
DA:104,3
DA:106,7
DA:107,1
DA:108,1
DA:117,1
DA:118,2
DA:119,4
DA:120,5
DA:126,1
DA:127,4
DA:128,5
DA:137,1
DA:138,1
DA:139,2
DA:140,4
DA:141,7
DA:147,1
DA:148,1
DA:149,4
DA:150,5
DA:159,1
DA:160,1
DA:161,2
DA:162,4
DA:163,7
DA:169,1
DA:170,1
DA:171,4
DA:172,5
DA:181,1
DA:182,1
DA:183,2
DA:184,4
DA:185,8
DA:193,1
DA:194,1
DA:195,1
DA:196,3
DA:197,1
DA:199,1
DA:200,1
DA:201,2
DA:202,1
DA:203,4
DA:204,5
DA:207,2
DA:208,5
DA:209,8
DA:210,6
DA:212,3
DA:213,6
DA:222,1
DA:223,1
DA:224,1
DA:225,3
DA:226,1
DA:228,1
DA:229,1
DA:230,2
DA:231,1
DA:232,5
DA:233,5
DA:236,4
DA:237,2
DA:238,2
DA:239,8
DA:240,6
DA:242,1
DA:243,9
DA:249,1
DA:250,3
DA:251,1
DA:252,3
DA:259,2
LF:113
LH:113
end_of_record
SF:/Users/renggli/Programming/Dart/MoreDart/lib/src/number/complex.dart
DA:12,4
DA:15,2
DA:18,2
DA:24,2
DA:25,2
DA:26,2
DA:39,1
DA:40,1
DA:41,2
DA:42,5
DA:43,1
DA:44,1
DA:49,2
DA:50,1
DA:51,1
DA:52,1
DA:53,1
DA:54,1
DA:57,1
DA:59,1
DA:60,1
DA:68,1
DA:70,1
DA:77,2
DA:83,2
DA:87,3
DA:90,1
DA:91,1
DA:92,2
DA:96,8
DA:99,4
DA:102,6
DA:105,5
DA:108,1
DA:109,1
DA:110,7
DA:111,1
DA:112,4
DA:114,1
DA:119,1
DA:120,1
DA:121,7
DA:122,1
DA:123,4
DA:125,1
DA:130,1
DA:131,1
DA:132,15
DA:133,1
DA:134,5
DA:136,1
DA:141,1
DA:142,2
DA:143,6
DA:147,1
DA:148,1
DA:149,2
DA:150,1
DA:151,8
DA:152,8
DA:154,1
DA:155,5
DA:157,1
DA:162,1
DA:163,2
DA:164,1
DA:165,3
DA:166,3
DA:171,8
DA:174,4
DA:177,13
DA:180,1
DA:181,2
DA:182,4
DA:186,1
DA:187,1
DA:188,1
DA:190,3
DA:191,2
DA:192,2
DA:193,1
DA:194,1
DA:195,4
DA:201,13
DA:204,9
DA:207,12
DA:210,6
DA:213,13
DA:216,9
DA:219,12
DA:222,6
DA:225,1
DA:226,4
DA:227,3
DA:228,5
DA:232,7
DA:235,1
DA:236,4
DA:237,3
DA:238,5
DA:242,6
DA:245,5
DA:248,5
DA:251,6
DA:254,6
DA:257,6
DA:260,6
DA:262,1
DA:263,3
DA:265,1
DA:267,7
DA:269,1
DA:270,3
DA:272,1
DA:273,3
DA:276,2
DA:277,1
LF:117
LH:117
end_of_record
SF:/Users/renggli/Programming/Dart/MoreDart/lib/src/ordering/ordering.dart
DA:42,1
DA:43,1
DA:46,1
DA:47,1
DA:50,1
DA:51,1
DA:54,1
DA:57,2
DA:67,2
DA:70,2
DA:73,2
DA:76,3
DA:80,2
DA:84,1
DA:85,1
DA:94,1
DA:96,1
DA:97,1
DA:98,3
DA:99,2
DA:100,1
DA:102,1
DA:103,1
DA:108,2
DA:112,3
DA:115,1
DA:116,1
DA:117,1
DA:122,1
DA:123,1
DA:124,1
DA:125,1
DA:126,1
DA:127,3
DA:130,1
DA:137,1
DA:138,1
DA:139,1
DA:140,1
DA:141,1
DA:142,3
DA:145,1
DA:152,3
DA:155,1
DA:156,1
DA:157,1
DA:158,1
DA:159,1
DA:160,2
DA:165,2
DA:167,1
DA:171,3
DA:174,1
DA:175,1
DA:176,1
DA:177,1
DA:178,1
DA:179,2
DA:184,2
DA:186,1
DA:196,1
DA:198,1
DA:199,1
DA:201,1
DA:203,2
DA:204,2
DA:205,3
DA:206,1
DA:209,2
DA:211,1
DA:217,2
LF:71
LH:71
end_of_record
SF:/Users/renggli/Programming/Dart/MoreDart/lib/src/ordering/comparator.dart
DA:5,1
DA:9,1
DA:10,2
DA:12,1
DA:13,2
DA:15,1
DA:17,3
DA:21,1
DA:25,1
DA:26,2
DA:28,1
DA:29,2
DA:31,1
DA:33,3
LF:14
LH:14
end_of_record
SF:/Users/renggli/Programming/Dart/MoreDart/lib/src/ordering/compound.dart
DA:5,1
DA:9,1
DA:11,2
DA:12,1
DA:13,1
DA:20,1
DA:22,4
DA:24,1
DA:26,3
LF:9
LH:9
end_of_record
SF:/Users/renggli/Programming/Dart/MoreDart/lib/src/ordering/explicit.dart
DA:6,1
DA:7,2
DA:8,4
DA:14,1
DA:15,3
DA:17,1
DA:18,2
DA:20,2
DA:25,1
DA:27,3
LF:10
LH:10
end_of_record
SF:/Users/renggli/Programming/Dart/MoreDart/lib/src/ordering/function.dart
DA:7,1
DA:13,1
DA:14,6
DA:16,1
DA:17,1
DA:18,2
DA:19,2
LF:7
LH:7
end_of_record
SF:/Users/renggli/Programming/Dart/MoreDart/lib/src/ordering/lexicographical.dart
DA:5,1
DA:9,1
DA:11,2
DA:12,1
DA:13,1
DA:16,4
DA:17,1
DA:21,2
DA:24,1
DA:26,3
LF:10
LH:10
end_of_record
SF:/Users/renggli/Programming/Dart/MoreDart/lib/src/ordering/natural.dart
DA:4,1
DA:6,1
DA:7,1
DA:9,1
DA:10,1
DA:14,1
DA:16,1
DA:17,1
DA:19,1
DA:20,1
LF:10
LH:10
end_of_record
SF:/Users/renggli/Programming/Dart/MoreDart/lib/src/ordering/nulls_first.dart
DA:5,1
DA:9,1
DA:14,1
DA:18,2
DA:21,1
DA:22,3
DA:24,1
DA:27,1
DA:28,2
DA:30,1
DA:32,3
LF:11
LH:11
end_of_record
SF:/Users/renggli/Programming/Dart/MoreDart/lib/src/ordering/nulls_last.dart
DA:5,1
DA:9,1
DA:16,1
DA:18,2
DA:21,1
DA:22,3
DA:24,1
DA:25,2
DA:27,1
DA:30,1
DA:32,3
LF:11
LH:11
end_of_record
SF:/Users/renggli/Programming/Dart/MoreDart/lib/src/ordering/reversed.dart
DA:5,1
DA:9,1
DA:10,2
DA:12,1
DA:13,1
DA:15,1
DA:17,3
LF:7
LH:7
end_of_record
SF:/Users/renggli/Programming/Dart/MoreDart/lib/src/iterable/chunked.dart
DA:9,1
DA:10,1
DA:11,1
DA:12,1
DA:14,2
DA:15,3
DA:16,1
DA:27,1
DA:28,1
DA:29,1
DA:30,1
DA:32,2
DA:33,3
DA:34,2
DA:35,1
DA:37,1
LF:16
LH:16
end_of_record
SF:/Users/renggli/Programming/Dart/MoreDart/lib/src/iterable/combinations.dart
DA:24,1
DA:25,1
DA:26,1
DA:27,2
DA:28,2
DA:29,2
DA:33,2
DA:35,2
DA:40,1
DA:42,1
DA:43,2
DA:46,1
DA:48,3
DA:49,2
DA:50,2
DA:51,2
DA:52,1
DA:53,2
DA:62,1
DA:64,2
DA:65,3
DA:68,1
DA:70,3
DA:71,1
DA:72,4
DA:73,2
DA:74,4
DA:75,3
LF:28
LH:28
end_of_record
SF:/Users/renggli/Programming/Dart/MoreDart/lib/src/iterable/cycle.dart
DA:27,1
DA:28,2
DA:30,2
DA:33,1
DA:34,1
DA:35,1
DA:37,1
DA:44,1
DA:48,1
DA:49,2
DA:53,1
DA:59,1
DA:60,2
DA:62,1
DA:64,2
DA:65,3
DA:66,2
DA:73,1
DA:78,1
DA:79,3
DA:83,1
DA:91,1
DA:92,2
DA:94,1
DA:96,1
DA:99,2
DA:100,3
DA:101,2
DA:102,3
DA:103,1
LF:30
LH:30
end_of_record
SF:/Users/renggli/Programming/Dart/MoreDart/lib/src/iterable/mixins/infinite.dart
DA:5,4
DA:6,4
DA:8,4
DA:9,4
DA:11,8
DA:14,4
DA:17,4
DA:18,4
DA:20,4
DA:22,4
DA:24,4
DA:25,4
DA:27,4
DA:29,4
DA:31,4
DA:32,4
DA:34,4
DA:35,4
LF:18
LH:18
end_of_record
SF:/Users/renggli/Programming/Dart/MoreDart/lib/src/iterable/flat_map.dart
DA:6,1
DA:7,1
LF:2
LH:2
end_of_record
SF:/Users/renggli/Programming/Dart/MoreDart/lib/src/iterable/flatten.dart
DA:3,3
LF:1
LH:1
end_of_record
SF:/Users/renggli/Programming/Dart/MoreDart/lib/src/iterable/group.dart
DA:18,1
DA:19,1
DA:20,1
DA:21,1
DA:22,5
DA:23,1
DA:24,2
DA:25,2
DA:26,3
DA:29,5
DA:39,1
LF:11
LH:11
end_of_record
SF:/Users/renggli/Programming/Dart/MoreDart/lib/src/iterable/indexed.dart
DA:17,1
DA:18,2
DA:19,2
DA:26,1
DA:33,1
DA:34,1
DA:36,1
DA:37,3
LF:8
LH:8
end_of_record
SF:/Users/renggli/Programming/Dart/MoreDart/lib/src/iterable/iterate.dart
DA:19,1
DA:20,1
DA:23,1
DA:28,1
DA:29,3
DA:33,1
DA:41,1
DA:43,2
DA:44,4
LF:9
LH:9
end_of_record
SF:/Users/renggli/Programming/Dart/MoreDart/lib/src/iterable/operators.dart
DA:16,1
DA:17,2
DA:31,1
DA:32,2
DA:42,1
DA:46,1
DA:47,1
DA:50,1
DA:51,3
LF:9
LH:9
end_of_record
SF:/Users/renggli/Programming/Dart/MoreDart/lib/src/iterable/periodical.dart
DA:4,1
DA:47,1
DA:51,1
DA:52,1
DA:55,1
DA:56,1
DA:58,2
DA:59,3
DA:60,1
DA:61,1
DA:62,1
DA:63,1
DA:64,1
DA:65,1
DA:66,1
DA:68,1
DA:69,1
DA:71,2
DA:72,3
DA:73,1
DA:74,1
DA:75,1
DA:76,1
DA:77,1
DA:78,1
DA:79,1
DA:81,1
DA:82,1
DA:84,2
DA:85,3
DA:86,1
DA:87,1
DA:88,1
DA:89,1
DA:90,1
DA:91,1
DA:92,1
DA:94,1
DA:95,1
DA:97,2
DA:98,2
DA:99,1
DA:100,1
DA:101,1
DA:102,1
DA:103,1
DA:104,1
DA:105,1
DA:107,1
DA:108,1
DA:110,2
DA:111,1
DA:112,3
DA:113,1
DA:114,1
DA:115,1
DA:116,1
DA:117,1
DA:118,1
DA:120,1
DA:121,1
DA:123,2
DA:124,1
DA:125,2
DA:126,1
DA:127,1
DA:128,1
DA:129,1
DA:130,1
DA:131,1
DA:133,1
DA:134,1
DA:136,2
DA:137,1
DA:138,1
DA:139,3
DA:140,1
DA:141,1
DA:142,1
DA:143,1
DA:144,1
DA:146,1
DA:147,1
DA:149,2
DA:150,1
DA:151,1
DA:152,2
DA:153,1
DA:154,1
DA:155,1
DA:156,1
DA:157,1
DA:159,1
DA:160,1
DA:162,2
DA:163,1
DA:164,1
DA:165,1
DA:166,2
DA:167,1
DA:168,1
DA:169,1
DA:170,1
DA:172,1
DA:173,1
DA:175,2
DA:176,1
DA:177,1
DA:178,1
DA:179,1
DA:180,2
DA:181,1
DA:182,1
DA:183,1
DA:185,1
DA:186,1
DA:188,2
DA:189,1
DA:190,1
DA:191,1
DA:192,1
DA:193,1
DA:194,2
DA:195,1
DA:196,1
DA:198,1
DA:199,1
DA:201,2
DA:202,1
DA:203,1
DA:204,1
DA:205,1
DA:206,1
DA:207,1
DA:208,2
DA:209,1
DA:211,1
DA:212,1
DA:214,2
DA:215,1
DA:216,1
DA:217,1
DA:218,1
DA:219,1
DA:220,1
DA:221,1
DA:222,2
DA:230,1
DA:235,1
DA:236,1
DA:237,3
DA:239,1
DA:240,1
DA:241,3
DA:243,1
DA:244,1
DA:245,3
DA:247,1
DA:248,1
DA:249,1
DA:251,1
DA:252,1
DA:253,1
DA:254,5
DA:256,1
DA:257,1
DA:258,1
DA:259,1
DA:261,1
DA:262,1
DA:264,1
DA:265,1
DA:266,1
DA:267,6
DA:269,1
DA:270,1
DA:271,1
DA:272,1
DA:273,1
DA:275,1
DA:276,1
DA:277,1
DA:278,1
DA:279,1
DA:280,1
DA:282,1
DA:283,1
DA:284,1
DA:285,1
DA:286,1
DA:287,1
DA:288,1
DA:290,1
DA:291,1
DA:292,1
DA:293,1
DA:294,1
DA:295,1
DA:296,1
DA:297,1
DA:299,1
DA:300,1
DA:301,1
DA:302,1
DA:303,1
DA:304,1
DA:305,1
DA:306,1
DA:307,1
DA:309,1
DA:310,1
DA:311,1
DA:312,1
DA:313,1
DA:314,1
DA:315,1
DA:316,1
DA:317,1
DA:318,1
LF:219
LH:219
end_of_record
SF:/Users/renggli/Programming/Dart/MoreDart/lib/src/iterable/permutations.dart
DA:9,1
DA:10,1
DA:13,2
DA:18,1
DA:19,3
DA:20,4
DA:22,1
DA:23,2
DA:24,5
DA:25,1
DA:27,2
DA:30,2
DA:31,3
DA:32,1
DA:34,1
DA:35,6
DA:36,1
DA:41,1
DA:43,1
DA:44,2
DA:45,1
DA:46,3
DA:47,3
LF:23
LH:23
end_of_record
SF:/Users/renggli/Programming/Dart/MoreDart/lib/src/iterable/product.dart
DA:22,1
DA:23,1
DA:24,1
DA:26,4
DA:29,1
DA:30,3
DA:31,1
DA:37,1
DA:38,3
DA:39,1
DA:40,2
DA:41,5
DA:45,1
DA:47,4
DA:48,2
DA:49,5
DA:50,2
DA:51,4
DA:55,4
DA:56,1
DA:57,5
LF:21
LH:21
end_of_record
SF:/Users/renggli/Programming/Dart/MoreDart/lib/src/iterable/random.dart
DA:3,3
DA:14,1
DA:15,1
DA:16,3
DA:17,1
DA:20,1
DA:22,1
LF:7
LH:7
end_of_record
SF:/Users/renggli/Programming/Dart/MoreDart/lib/src/iterable/repeat.dart
DA:15,1
DA:16,2
DA:19,1
DA:20,1
DA:23,1
DA:24,4
DA:36,1
DA:37,2
DA:40,1
DA:44,1
DA:45,2
DA:49,2
DA:54,1
DA:55,2
DA:57,1
DA:59,2
DA:60,3
LF:17
LH:17
end_of_record
SF:/Users/renggli/Programming/Dart/MoreDart/lib/src/iterable/rotate.dart
DA:10,1
DA:11,1
DA:12,1
DA:13,1
DA:14,1
DA:15,1
DA:16,1
DA:17,1
DA:18,1
DA:19,2
DA:21,1
DA:22,1
DA:23,1
DA:37,1
DA:38,1
DA:39,1
DA:40,1
DA:41,1
DA:42,1
DA:43,1
DA:44,2
DA:45,2
DA:48,2
DA:49,2
LF:24
LH:24
end_of_record
SF:/Users/renggli/Programming/Dart/MoreDart/lib/src/iterable/separated.dart
DA:7,1
DA:27,1
DA:29,1
DA:33,1
DA:40,1
DA:42,6
DA:46,1
DA:57,1
DA:59,1
DA:60,1
DA:61,2
DA:62,1
DA:63,1
DA:64,3
DA:66,1
DA:67,3
DA:70,1
DA:73,1
DA:74,1
DA:75,3
DA:77,1
DA:78,2
DA:79,1
DA:80,3
DA:82,1
DA:83,1
DA:85,1
DA:86,3
DA:90,1
DA:91,1
DA:92,3
DA:94,1
DA:95,1
DA:97,1
DA:100,2
LF:35
LH:35
end_of_record
SF:/Users/renggli/Programming/Dart/MoreDart/lib/src/iterable/to_map.dart
DA:15,1
DA:17,1
DA:18,1
DA:19,1
DA:20,4
LF:5
LH:5
end_of_record
SF:/Users/renggli/Programming/Dart/MoreDart/lib/src/iterable/unique.dart
DA:12,1
DA:14,1
DA:15,2
DA:16,1
LF:4
LH:4
end_of_record
SF:/Users/renggli/Programming/Dart/MoreDart/lib/src/iterable/window.dart
DA:8,1
DA:10,1
DA:11,1
DA:13,1
DA:14,1
DA:16,1
DA:17,1
DA:19,3
DA:20,2
DA:22,3
DA:23,1
DA:27,1
DA:28,1
DA:30,1
DA:31,3
DA:32,1
LF:16
LH:16
end_of_record
SF:/Users/renggli/Programming/Dart/MoreDart/lib/src/iterable/zip.dart
DA:10,1
DA:11,1
DA:15,4
DA:17,1
DA:18,2
DA:19,1
DA:20,2
DA:32,3
DA:37,1
DA:38,1
DA:42,4
DA:45,1
DA:46,2
DA:47,1
DA:48,2
DA:51,1
LF:16
LH:16
end_of_record
SF:/Users/renggli/Programming/Dart/MoreDart/lib/src/number/fraction.dart
DA:11,1
DA:12,1
DA:13,1
DA:16,2
DA:17,1
DA:18,2
DA:20,1
DA:21,3
DA:23,1
DA:27,1
DA:28,2
DA:29,1
DA:32,1
DA:33,1
DA:34,1
DA:37,1
DA:40,1
DA:41,1
DA:44,1
DA:45,1
DA:46,1
DA:47,1
DA:48,1
DA:51,2
DA:54,2
DA:55,1
DA:56,1
DA:57,0
DA:59,2
DA:63,2
DA:67,2
DA:79,1
DA:80,2
DA:82,1
DA:83,6
DA:84,6
DA:90,1
DA:91,1
DA:92,3
DA:93,4
DA:94,2
DA:97,1
DA:104,2
DA:110,2
DA:113,5
DA:116,1
DA:117,1
DA:118,11
DA:119,1
DA:120,6
DA:122,1
DA:127,1
DA:128,1
DA:129,11
DA:130,1
DA:131,6
DA:133,1
DA:138,10
DA:141,1
DA:142,1
DA:143,7
DA:144,1
DA:145,4
DA:147,1
DA:152,1
DA:153,1
DA:154,7
DA:155,1
DA:156,4
DA:158,1
DA:163,1
DA:164,2
DA:167,1
DA:168,7
DA:169,1
DA:170,9
DA:177,1
DA:180,3
DA:183,1
DA:186,3
DA:189,3
DA:192,3
DA:195,3
DA:198,3
DA:201,3
DA:204,4
DA:207,4
DA:209,1
DA:211,5
DA:213,1
DA:215,7
DA:217,1
DA:218,3
DA:220,1
DA:221,7
DA:223,3
DA:225,3
DA:227,3
DA:229,3
DA:231,1
DA:232,3
LF:101
LH:100
end_of_record
SF:/Users/renggli/Programming/Dart/MoreDart/lib/src/number/quaternion.dart
DA:10,3
DA:13,1
DA:14,4
DA:17,1
DA:18,5
DA:21,1
DA:22,1
DA:23,2
DA:24,12
DA:25,1
DA:26,7
DA:31,1
DA:33,11
DA:34,7
DA:35,7
DA:36,7
DA:37,10
DA:38,1
DA:42,1
DA:43,1
DA:44,1
DA:45,1
DA:47,1
DA:48,1
DA:49,1
DA:51,1
DA:52,1
DA:53,1
DA:55,1
DA:56,5
DA:57,5
DA:58,5
DA:59,5
DA:79,1
DA:80,1
DA:81,2
DA:82,5
DA:83,1
DA:84,1
DA:89,2
DA:90,1
DA:91,1
DA:92,1
DA:93,1
DA:94,1
DA:97,1
DA:99,1
DA:101,1
DA:104,1
DA:107,1
DA:116,1
DA:118,1
DA:134,3
DA:137,16
DA:140,10
DA:143,9
DA:146,1
DA:147,2
DA:148,9
DA:152,1
DA:153,1
DA:154,13
DA:155,1
DA:156,6
DA:158,1
DA:163,1
DA:164,1
DA:165,13
DA:166,1
DA:167,6
DA:169,1
DA:174,1
DA:175,1
DA:176,1
DA:177,15
DA:178,15
DA:179,15
DA:180,15
DA:182,1
DA:183,9
DA:185,1
DA:190,1
DA:191,2
DA:192,12
DA:196,1
DA:197,1
DA:198,2
DA:199,1
DA:200,16
DA:201,16
DA:202,16
DA:203,16
DA:205,1
DA:206,9
DA:208,1
DA:213,1
DA:214,2
DA:215,12
DA:216,3
DA:217,9
DA:221,1
DA:222,12
DA:223,3
DA:224,10
DA:228,4
DA:231,9
DA:234,1
DA:235,8
DA:238,10
DA:241,10
DA:244,10
DA:247,1
DA:248,9
DA:250,1
DA:252,3
DA:254,1
DA:256,1
DA:257,3
DA:258,3
DA:259,3
DA:260,3
DA:262,1
DA:263,5
DA:265,1
DA:266,5
DA:269,2
DA:270,1
LF:127
LH:127
end_of_record
SF:/Users/renggli/Programming/Dart/MoreDart/lib/src/collection/bimap.dart
DA:10,4
DA:13,4
DA:16,1
DA:17,1
DA:18,1
DA:19,2
DA:20,2
DA:23,2
DA:28,2
DA:31,1
DA:36,1
DA:37,2
DA:38,2
DA:41,1
DA:42,1
DA:43,1
DA:44,1
DA:45,1
DA:46,1
DA:48,3
DA:49,1
DA:50,1
DA:53,1
DA:59,1
DA:68,4
DA:72,1
DA:76,2
DA:78,1
DA:79,2
DA:81,1
DA:83,3
DA:84,3
DA:85,2
DA:86,2
DA:89,1
DA:91,1
DA:92,1
DA:94,1
DA:95,1
DA:100,1
DA:102,2
DA:103,3
DA:107,1
DA:108,1
DA:109,2
DA:113,1
DA:115,2
DA:116,2
DA:119,1
DA:120,2
DA:122,1
DA:123,2
DA:125,1
DA:127,2
DA:129,1
DA:130,2
DA:132,1
DA:133,2
DA:135,1
DA:136,2
DA:138,1
DA:139,2
DA:141,1
DA:142,2
DA:147,2
DA:152,1
DA:154,0
DA:155,0
DA:156,3
LF:69
LH:67
end_of_record
SF:/Users/renggli/Programming/Dart/MoreDart/lib/src/collection/heap.dart
DA:7,1
DA:8,1
DA:9,1
DA:13,1
DA:14,1
DA:15,1
DA:16,3
DA:17,5
DA:18,1
DA:30,1
DA:31,2
DA:34,1
DA:35,2
DA:38,1
DA:39,2
DA:42,1
DA:43,2
DA:46,1
DA:47,1
DA:48,2
DA:52,1
DA:53,2
DA:54,4
DA:58,3
DA:61,1
DA:62,1
DA:63,2
DA:64,2
DA:65,2
DA:66,2
DA:67,1
DA:75,1
DA:76,1
DA:77,2
DA:78,2
DA:79,1
DA:85,1
DA:86,7
DA:89,2
DA:90,2
DA:91,1
DA:96,3
DA:98,1
DA:99,2
DA:100,1
DA:104,1
DA:105,2
DA:106,1
DA:107,2
DA:108,2
DA:109,3
DA:112,2
DA:115,2
DA:118,1
DA:119,2
DA:121,2
DA:122,2
DA:123,1
DA:124,1
DA:125,1
DA:126,7
DA:129,4
DA:131,2
DA:133,2
DA:134,1
LF:65
LH:65
end_of_record
SF:/Users/renggli/Programming/Dart/MoreDart/lib/src/collection/multimap/list.dart
DA:10,1
DA:12,1
DA:13,2
DA:18,1
DA:19,2
DA:22,1
DA:29,1
DA:30,1
DA:35,1
DA:37,1
DA:38,1
DA:43,1
DA:45,1
DA:46,1
DA:52,1
DA:53,2
DA:55,1
DA:57,1
DA:62,1
DA:64,1
DA:66,1
DA:67,2
DA:70,0
DA:72,0
DA:73,0
DA:76,1
DA:77,2
DA:78,2
DA:79,3
DA:81,2
DA:85,1
DA:86,2
DA:87,2
DA:88,1
DA:89,1
DA:90,0
DA:92,2
DA:93,1
DA:94,2
DA:96,1
DA:101,1
DA:102,1
DA:104,1
DA:105,1
DA:107,1
DA:108,1
DA:113,1
DA:115,2
DA:120,1
DA:125,0
DA:126,0
DA:127,1
DA:128,2
DA:133,2
LF:54
LH:48
end_of_record
SF:/Users/renggli/Programming/Dart/MoreDart/lib/src/collection/multimap/set.dart
DA:10,1
DA:12,1
DA:13,2
DA:18,1
DA:19,2
DA:22,1
DA:29,1
DA:30,1
DA:35,1
DA:37,1
DA:38,1
DA:43,1
DA:45,1
DA:46,1
DA:52,1
DA:53,2
DA:55,1
DA:57,1
DA:62,1
DA:64,1
DA:65,2
DA:66,2
DA:67,2
DA:70,3
DA:77,1
DA:79,1
DA:80,2
DA:83,1
DA:84,2
DA:85,2
DA:87,2
DA:88,2
DA:90,1
DA:95,1
DA:96,1
DA:98,1
DA:99,1
DA:101,1
DA:102,1
DA:107,1
DA:109,2
DA:114,1
DA:119,0
DA:120,0
DA:121,1
DA:122,2
DA:127,1
LF:47
LH:45
end_of_record
SF:/Users/renggli/Programming/Dart/MoreDart/lib/src/collection/multiset.dart
DA:10,3
DA:13,3
DA:16,1
DA:17,1
DA:18,4
DA:19,1
DA:20,1
DA:21,3
DA:22,1
DA:24,2
DA:29,2
DA:40,1
DA:45,1
DA:46,1
DA:47,1
DA:48,2
DA:49,3
DA:55,1
DA:66,1
DA:67,1
DA:68,1
DA:70,1
DA:71,4
DA:72,2
DA:77,1
DA:78,2
DA:84,1
DA:85,1
DA:86,1
DA:89,2
DA:90,1
DA:91,1
DA:92,2
DA:93,2
DA:95,3
DA:96,2
DA:102,1
DA:103,2
DA:107,1
DA:108,2
DA:109,1
DA:113,3
DA:118,1
DA:119,1
DA:120,1
DA:123,1
DA:124,1
DA:125,2
DA:126,3
DA:128,2
DA:129,2
DA:135,1
DA:136,2
DA:139,1
DA:140,1
DA:142,2
DA:143,2
DA:144,1
DA:145,2
DA:146,3
DA:152,2
DA:158,1
DA:159,1
DA:160,1
DA:161,2
DA:162,4
DA:166,2
DA:172,3
DA:176,1
DA:177,2
DA:180,1
DA:181,2
DA:182,5
DA:183,1
DA:186,3
DA:189,3
DA:192,1
DA:193,1
DA:197,2
LF:79
LH:79
end_of_record
SF:/Users/renggli/Programming/Dart/MoreDart/lib/src/collection/range/bigint.dart
DA:39,1
DA:40,1
DA:41,1
DA:42,1
DA:50,4
DA:54,1
DA:55,2
DA:56,3
DA:57,2
DA:58,1
DA:59,5
DA:62,3
DA:63,3
DA:64,3
DA:65,1
DA:66,6
DA:69,1
DA:70,1
DA:73,1
DA:87,1
DA:88,3
DA:89,4
DA:90,4
DA:92,1
DA:94,3
DA:95,5
DA:97,2
DA:101,1
DA:102,2
DA:104,1
DA:107,1
DA:108,1
DA:111,2
DA:112,2
DA:113,4
DA:114,3
DA:115,1
DA:121,1
DA:124,1
DA:127,1
DA:128,2
DA:129,2
DA:131,1
DA:132,2
DA:133,4
DA:134,3
DA:135,1
DA:141,1
DA:144,1
DA:146,9
DA:148,1
DA:151,2
DA:153,1
DA:156,2
DA:157,6
DA:158,7
DA:161,1
DA:163,2
DA:165,6
DA:166,2
DA:167,3
DA:168,3
DA:170,4
DA:176,1
DA:186,1
DA:188,3
DA:189,2
DA:190,3
DA:198,1
DA:208,1
DA:210,3
DA:211,2
DA:212,3
DA:222,2
DA:225,4
DA:227,1
DA:228,2
DA:229,1
DA:231,1
LF:79
LH:79
end_of_record
SF:/Users/renggli/Programming/Dart/MoreDart/lib/src/iterable/mixins/unmodifiable.dart
DA:7,5
DA:8,5
DA:10,20
DA:11,20
DA:13,20
DA:14,20
DA:16,15
DA:17,15
DA:19,20
DA:20,20
DA:22,15
DA:23,15
DA:25,15
DA:26,15
DA:28,15
DA:29,15
DA:31,20
DA:32,20
DA:34,15
DA:35,15
DA:37,15
DA:38,15
DA:40,15
DA:41,15
DA:43,10
DA:44,10
DA:46,15
DA:47,15
DA:49,15
DA:50,15
DA:52,15
DA:53,15
DA:55,15
DA:58,15
DA:60,15
DA:61,15
DA:63,15
DA:64,15
DA:66,15
DA:67,15
LF:40
LH:40
end_of_record
SF:/Users/renggli/Programming/Dart/MoreDart/lib/src/collection/range/double.dart
DA:36,1
DA:47,2
DA:51,1
DA:52,1
DA:53,3
DA:54,1
DA:55,4
DA:58,2
DA:59,3
DA:60,1
DA:61,5
DA:64,1
DA:65,1
DA:68,1
DA:82,1
DA:83,4
DA:85,1
DA:87,3
DA:88,4
DA:90,2
DA:94,1
DA:95,2
DA:97,1
DA:100,1
DA:101,1
DA:105,5
DA:106,1
DA:107,1
DA:111,1
DA:114,1
DA:117,1
DA:118,2
DA:119,2
DA:121,1
DA:122,1
DA:125,5
DA:126,1
DA:127,2
DA:131,1
DA:134,1
DA:136,9
DA:138,1
DA:141,2
DA:143,1
DA:146,2
DA:147,9
DA:148,2
DA:151,1
DA:153,2
DA:155,4
DA:156,2
DA:157,2
DA:158,3
DA:160,4
DA:166,1
DA:177,1
DA:179,3
DA:182,7
DA:191,2
LF:59
LH:59
end_of_record
SF:/Users/renggli/Programming/Dart/MoreDart/lib/src/collection/range/integer.dart
DA:34,1
DA:45,2
DA:49,1
DA:50,1
DA:51,2
DA:52,1
DA:53,4
DA:56,2
DA:57,2
DA:58,2
DA:59,5
DA:62,1
DA:63,1
DA:66,1
DA:80,1
DA:81,2
DA:82,4
DA:83,4
DA:85,1
DA:87,3
DA:88,4
DA:90,2
DA:94,1
DA:95,2
DA:97,1
DA:100,1
DA:101,1
DA:104,2
DA:105,2
DA:106,3
DA:107,2
DA:108,1
DA:114,1
DA:117,1
DA:120,1
DA:121,2
DA:122,2
DA:124,1
DA:125,2
DA:126,3
DA:127,2
DA:128,1
DA:134,1
DA:137,1
DA:139,9
DA:141,1
DA:144,2
DA:146,1
DA:149,2
DA:150,9
DA:151,2
DA:154,1
DA:156,2
DA:158,4
DA:159,2
DA:160,2
DA:161,3
DA:163,4
DA:169,1
DA:179,1
DA:181,3
DA:182,2
DA:183,3
DA:191,1
DA:201,1
DA:203,3
DA:204,2
DA:205,3
DA:215,2
DA:234,1
DA:235,1
DA:236,1
DA:237,1
DA:238,2
DA:239,4
DA:240,1
DA:241,3
DA:242,2
DA:243,6
DA:245,1
LF:80
LH:80
end_of_record
SF:/Users/renggli/Programming/Dart/MoreDart/lib/src/collection/string/convert_first_last.dart
DA:6,1
DA:8,2
DA:9,1
DA:10,5
DA:11,1
DA:18,1
DA:20,2
DA:21,1
DA:22,2
DA:23,4
DA:31,1
DA:32,3
DA:37,1
DA:38,3
LF:14
LH:14
end_of_record
SF:/Users/renggli/Programming/Dart/MoreDart/lib/src/collection/string/indent_dedent.dart
DA:12,1
DA:18,1
DA:19,2
DA:21,1
DA:23,1
DA:24,1
DA:26,1
DA:27,2
DA:29,2
DA:33,1
DA:40,1
DA:44,1
DA:45,1
DA:46,4
DA:47,1
DA:50,4
DA:55,1
DA:57,2
DA:60,2
DA:61,1
DA:65,1
DA:67,1
DA:69,1
DA:71,1
DA:74,0
DA:75,0
DA:76,0
DA:82,1
LF:28
LH:25
end_of_record
SF:/Users/renggli/Programming/Dart/MoreDart/lib/src/collection/string/prefix_suffix.dart
DA:4,1
DA:5,2
DA:6,2
DA:8,1
DA:9,2
DA:10,2
DA:17,1
DA:18,1
DA:19,4
LF:9
LH:9
end_of_record
SF:/Users/renggli/Programming/Dart/MoreDart/lib/src/collection/string/string_list.dart
DA:31,1
DA:32,3
DA:33,1
DA:38,1
DA:42,1
DA:43,2
DA:45,1
DA:46,2
DA:48,1
DA:49,3
DA:51,1
DA:53,2
DA:54,3
DA:56,1
DA:60,1
DA:61,3
DA:63,1
DA:65,3
DA:67,1
DA:68,2
DA:74,1
DA:78,1
DA:79,2
DA:81,1
DA:83,3
DA:85,1
DA:87,3
DA:89,1
DA:90,1
LF:29
LH:29
end_of_record
SF:/Users/renggli/Programming/Dart/MoreDart/lib/src/collection/string/wrap_unwrap.dart
DA:5,1
DA:10,1
DA:11,1
DA:13,1
DA:14,2
DA:15,2
DA:16,1
DA:19,1
DA:20,1
DA:21,1
DA:22,1
DA:23,2
DA:24,1
DA:25,1
DA:26,0
DA:27,1
DA:28,2
DA:29,1
DA:31,3
DA:32,5
DA:35,1
DA:37,1
DA:38,5
DA:39,1
DA:40,1
DA:41,1
DA:43,1
DA:44,2
DA:45,1
DA:49,1
DA:50,2
DA:52,1
DA:56,2
DA:57,3
DA:58,1
DA:61,3
LF:36
LH:35
end_of_record
SF:/Users/renggli/Programming/Dart/MoreDart/lib/src/collection/trie.dart
DA:12,1
DA:13,1
DA:17,1
DA:19,2
DA:23,1
DA:25,1
DA:26,1
DA:33,1
DA:40,1
DA:41,1
DA:42,1
DA:48,1
DA:50,1
DA:51,1
DA:52,1
DA:53,1
DA:54,1
DA:56,3
DA:57,1
DA:58,1
DA:61,1
DA:67,1
DA:82,1
DA:83,1
DA:85,1
DA:87,1
DA:88,1
DA:90,4
DA:91,1
DA:98,1
DA:99,1
DA:105,1
DA:107,1
DA:108,1
DA:110,4
DA:111,1
DA:118,1
DA:123,1
DA:125,1
DA:127,4
DA:128,1
DA:131,1
DA:132,2
DA:135,1
DA:138,1
DA:140,2
DA:141,2
DA:142,1
DA:145,1
DA:147,1
DA:148,1
DA:149,2
DA:151,4
DA:152,2
DA:156,1
DA:157,1
DA:160,1
DA:161,1
DA:163,1
DA:164,1
DA:165,2
DA:167,1
DA:168,1
DA:169,1
DA:170,1
DA:171,1
DA:172,2
DA:181,1
DA:182,2
DA:184,1
DA:185,4
DA:187,1
DA:188,4
DA:191,1
DA:192,1
DA:193,4
DA:194,1
DA:200,1
DA:204,1
DA:205,4
DA:250,1
DA:251,1
DA:252,1
DA:253,1
DA:254,1
DA:257,1
DA:258,4
DA:259,3
DA:271,1
DA:272,2
DA:274,1
DA:275,2
DA:280,1
DA:282,1
DA:283,1
DA:284,1
DA:287,1
DA:289,1
DA:290,1
DA:291,1
DA:300,0
DA:301,0
DA:303,1
DA:304,2
DA:306,1
DA:307,2
DA:309,1
DA:311,4
DA:313,1
DA:314,2
DA:316,1
DA:317,2
DA:319,1
DA:320,2
DA:332,1
DA:333,2
DA:335,1
DA:337,1
DA:338,1
DA:339,1
DA:340,4
DA:341,4
DA:344,2
DA:348,1
DA:350,1
DA:351,3
DA:354,1
DA:356,1
DA:357,1
DA:360,2
DA:361,2
DA:362,2
DA:366,1
DA:368,2
DA:369,2
DA:372,1
DA:374,2
DA:375,1
DA:376,3
DA:377,3
DA:378,1
DA:380,1
DA:381,1
DA:386,2
LF:144
LH:142
end_of_record
SF:/Users/renggli/Programming/Dart/MoreDart/lib/src/collection/typemap.dart
DA:11,3
DA:17,1
DA:18,2
DA:23,3
DA:31,3
DA:34,3
DA:37,3
DA:40,3
DA:43,3
DA:46,3
DA:49,3
DA:51,1
DA:52,2
LF:13
LH:13
end_of_record
SF:/Users/renggli/Programming/Dart/MoreDart/lib/src/char_matcher/whitespace.dart
DA:4,2
DA:6,1
DA:8,1
DA:10,1
DA:11,1
DA:12,1
DA:13,1
DA:14,1
DA:15,1
DA:16,1
DA:17,1
DA:24,1
DA:25,1
DA:26,1
DA:27,1
DA:28,1
DA:29,1
DA:30,1
DA:31,1
DA:32,1
DA:33,1
DA:34,1
DA:35,1
DA:36,1
DA:37,1
DA:38,1
DA:39,1
DA:40,1
DA:41,1
LF:29
LH:29
end_of_record
SF:/Users/renggli/Programming/Dart/MoreDart/lib/src/char_matcher/char_matcher.dart
DA:49,1
DA:50,2
DA:53,1
DA:54,3
DA:57,2
DA:60,2
DA:84,6
DA:87,2
DA:91,1
DA:92,1
DA:94,1
DA:96,1
DA:97,3
DA:99,2
DA:107,4
DA:110,4
DA:114,1
DA:115,1
DA:116,3
DA:117,2
DA:121,1
DA:126,1
DA:127,1
DA:128,2
DA:129,2
DA:130,2
DA:134,1
DA:138,5
DA:142,1
DA:144,1
DA:145,1
DA:146,1
DA:147,2
DA:148,1
DA:149,1
DA:151,1
DA:152,4
DA:153,1
DA:155,1
DA:156,1
DA:159,1
DA:164,1
DA:165,1
DA:166,2
DA:167,4
DA:171,3
DA:174,1
DA:175,4
DA:178,1
DA:179,1
DA:180,2
DA:181,3
DA:182,1
DA:184,3
DA:185,1
DA:187,2
DA:191,1
DA:192,1
DA:194,2
DA:195,3
DA:196,1
DA:198,2
DA:202,1
DA:203,1
DA:204,2
DA:205,3
DA:206,1
DA:208,2
DA:211,1
DA:213,1
DA:215,3
DA:216,4
DA:217,3
DA:220,1
DA:222,5
DA:223,1
DA:227,1
DA:228,1
DA:229,1
DA:231,1
DA:232,2
DA:233,1
DA:235,1
LF:83
LH:83
end_of_record
SF:/Users/renggli/Programming/Dart/MoreDart/lib/src/char_matcher/any.dart
DA:5,3
DA:7,1
DA:10,1
DA:13,1
LF:4
LH:4
end_of_record
SF:/Users/renggli/Programming/Dart/MoreDart/lib/src/char_matcher/ascii.dart
DA:4,1
DA:6,1
DA:7,1
LF:3
LH:3
end_of_record
SF:/Users/renggli/Programming/Dart/MoreDart/lib/src/char_matcher/char_match.dart
DA:7,1
DA:12,1
DA:13,2
DA:21,1
DA:22,1
DA:24,1
DA:25,4
DA:27,1
DA:29,3
DA:31,1
LF:10
LH:10
end_of_record
SF:/Users/renggli/Programming/Dart/MoreDart/lib/src/char_matcher/char_set.dart
DA:5,2
DA:6,4
LF:2
LH:2
end_of_record
SF:/Users/renggli/Programming/Dart/MoreDart/lib/src/char_matcher/digit.dart
DA:4,1
DA:6,1
DA:7,2
LF:3
LH:3
end_of_record
SF:/Users/renggli/Programming/Dart/MoreDart/lib/src/char_matcher/disjunctive.dart
DA:7,1
DA:8,2
DA:10,1
DA:14,1
DA:16,1
DA:18,1
DA:20,1
DA:21,4
DA:23,4
DA:27,1
DA:28,4
DA:30,1
DA:32,3
LF:13
LH:13
end_of_record
SF:/Users/renggli/Programming/Dart/MoreDart/lib/src/char_matcher/letter.dart
DA:4,1
DA:6,1
DA:8,4
LF:3
LH:3
end_of_record
SF:/Users/renggli/Programming/Dart/MoreDart/lib/src/char_matcher/letter_or_digit.dart
DA:4,1
DA:6,1
DA:8,2
DA:9,2
DA:10,2
DA:11,1
LF:6
LH:6
end_of_record
SF:/Users/renggli/Programming/Dart/MoreDart/lib/src/char_matcher/lower_case.dart
DA:4,1
DA:6,1
DA:7,2
LF:3
LH:3
end_of_record
SF:/Users/renggli/Programming/Dart/MoreDart/lib/src/char_matcher/negate.dart
DA:5,1
DA:9,1
DA:10,1
DA:12,1
DA:13,2
DA:15,1
DA:17,3
LF:7
LH:7
end_of_record
SF:/Users/renggli/Programming/Dart/MoreDart/lib/src/char_matcher/none.dart
DA:5,3
DA:7,1
DA:10,1
DA:13,1
LF:4
LH:4
end_of_record
SF:/Users/renggli/Programming/Dart/MoreDart/lib/src/char_matcher/pattern.dart
DA:5,1
DA:7,1
DA:9,1
DA:13,1
DA:14,1
DA:15,4
DA:17,3
DA:18,1
DA:19,1
DA:22,3
DA:23,1
DA:24,1
DA:29,1
DA:32,1
LF:14
LH:14
end_of_record
SF:/Users/renggli/Programming/Dart/MoreDart/lib/src/char_matcher/range.dart
DA:5,1
DA:6,3
DA:7,4
DA:14,1
DA:15,4
DA:17,1
DA:18,1
DA:19,2
DA:20,2
LF:9
LH:9
end_of_record
SF:/Users/renggli/Programming/Dart/MoreDart/lib/src/char_matcher/single.dart
DA:5,1
DA:9,1
DA:10,1
DA:12,1
DA:14,3
LF:5
LH:5
end_of_record
SF:/Users/renggli/Programming/Dart/MoreDart/lib/src/char_matcher/upper_case.dart
DA:4,1
DA:6,1
DA:7,2
LF:3
LH:3
end_of_record
SF:/Users/renggli/Programming/Dart/MoreDart/lib/src/char_matcher/optimize.dart
DA:10,1
DA:12,1
DA:14,11
DA:17,1
DA:18,2
DA:19,1
DA:20,1
DA:22,1
DA:23,4
DA:24,3
DA:25,3
DA:27,1
DA:33,1
DA:34,6
DA:35,1
DA:37,2
DA:39,2
DA:40,5
DA:41,3
DA:43,1
DA:46,2
DA:47,6
DA:48,2
DA:51,2
DA:52,1
DA:53,2
DA:54,4
DA:55,4
DA:58,1
DA:59,4
DA:61,1
DA:62,1
DA:63,4
DA:64,4
LF:34
LH:34
end_of_record
SF:/Users/renggli/Programming/Dart/MoreDart/lib/src/char_matcher/lookup.dart
DA:6,1
DA:12,1
DA:14,8
DA:16,1
DA:17,1
DA:18,2
DA:19,2
DA:20,2
LF:8
LH:8
end_of_record
SF:/Users/renggli/Programming/Dart/MoreDart/lib/src/char_matcher/ranges.dart
DA:5,1
DA:11,1
DA:14,1
DA:15,1
DA:16,3
DA:17,3
DA:18,1
DA:20,1
DA:21,1
DA:26,5
DA:29,1
DA:30,1
DA:31,2
DA:32,2
DA:33,2
LF:15
LH:15
end_of_record
SF:/Users/renggli/Programming/Dart/MoreDart/lib/feature.dart
DA:11,7
DA:14,2
DA:15,6
LF:3
LH:3
end_of_record
SF:/Users/renggli/Programming/Dart/MoreDart/lib/src/collection/multimap.dart
DA:11,1
DA:23,2
DA:26,3
DA:29,3
DA:32,3
DA:35,5
DA:38,1
DA:39,3
DA:40,2
DA:41,2
DA:47,3
DA:50,1
DA:51,3
DA:52,1
DA:60,2
DA:63,3
DA:66,1
DA:67,2
DA:70,3
DA:73,1
DA:74,2
DA:75,2
DA:78,2
DA:79,1
DA:80,1
DA:83,2
DA:84,1
DA:85,1
DA:88,1
DA:89,3
DA:90,2
DA:92,2
DA:93,1
DA:97,2
DA:99,1
DA:100,2
DA:114,1
DA:115,4
DA:125,1
DA:127,1
DA:128,2
DA:131,1
DA:133,1
DA:134,2
DA:137,1
DA:139,2
DA:140,4
DA:142,1
DA:147,1
DA:149,1
DA:150,5
DA:151,3
DA:152,1
DA:158,1
DA:159,2
DA:164,1
DA:166,2
DA:175,1
DA:179,1
DA:180,3
DA:182,1
DA:183,3
DA:185,1
DA:186,2
DA:188,1
DA:189,2
DA:191,1
DA:192,2
DA:194,1
DA:196,1
DA:197,1
DA:198,2
DA:207,1
DA:213,1
DA:214,1
DA:215,2
DA:216,3
DA:221,1
DA:223,1
DA:224,1
DA:225,1
DA:226,1
DA:228,3
DA:229,1
DA:230,1
DA:233,1
DA:238,1
DA:240,2
DA:241,3
LF:89
LH:89
end_of_record
SF:/Users/renggli/Programming/Dart/MoreDart/lib/src/collection/comparator.dart
DA:3,1
DA:5,1
DA:8,0
LF:3
LH:2
end_of_record
SF:/Users/renggli/Programming/Dart/MoreDart/lib/src/interval/interval.dart
DA:10,2
DA:11,1
DA:12,1
DA:16,2
DA:17,1
DA:18,1
DA:22,2
DA:23,1
DA:24,1
DA:28,2
DA:29,1
DA:30,1
DA:34,2
DA:35,1
DA:36,1
DA:40,2
DA:41,1
DA:42,1
DA:46,2
DA:47,1
DA:48,1
DA:52,2
DA:53,1
DA:54,1
DA:58,2
DA:59,1
DA:60,1
DA:65,2
DA:66,1
DA:67,1
DA:71,2
DA:72,1
DA:73,1
DA:77,1
DA:98,5
DA:101,1
DA:102,9
DA:105,5
DA:108,1
DA:109,1
DA:111,1
DA:115,1
DA:116,2
DA:117,1
DA:118,2
DA:119,5
DA:120,4
DA:121,1
DA:125,1
DA:126,2
DA:127,1
DA:128,2
DA:129,5
DA:130,4
DA:131,1
DA:135,2
DA:136,3
DA:137,4
DA:138,1
DA:139,1
DA:140,2
DA:143,1
DA:147,1
DA:148,1
DA:150,1
DA:154,1
DA:155,2
DA:156,1
DA:157,2
DA:158,5
DA:159,4
DA:160,1
DA:164,1
DA:165,2
DA:166,1
DA:167,2
DA:168,5
DA:169,4
DA:170,1
DA:173,1
DA:176,1
DA:178,7
DA:180,1
DA:181,3
DA:183,1
DA:184,6
LF:86
LH:86
end_of_record
SF:/Users/renggli/Programming/Dart/MoreDart/lib/src/interval/bounds/empty.dart
DA:7,1
DA:10,1
DA:13,1
DA:14,1
DA:16,1
LF:5
LH:5
end_of_record
SF:/Users/renggli/Programming/Dart/MoreDart/lib/src/interval/bounds/lower.dart
DA:7,1
DA:12,1
DA:13,3
DA:15,1
DA:16,2
DA:18,1
DA:20,4
DA:22,1
DA:23,2
DA:27,1
DA:32,1
DA:33,3
DA:35,1
DA:38,1
DA:39,2
DA:41,1
DA:43,4
DA:45,1
DA:46,2
DA:50,1
DA:53,1
DA:56,1
DA:57,1
DA:59,1
LF:24
LH:24
end_of_record
SF:/Users/renggli/Programming/Dart/MoreDart/lib/src/interval/bounds/upper.dart
DA:7,1
DA:12,1
DA:13,3
DA:15,1
DA:16,2
DA:18,1
DA:20,4
DA:22,1
DA:23,2
DA:27,1
DA:32,1
DA:35,1
DA:36,3
DA:38,1
DA:39,2
DA:41,1
DA:43,4
DA:45,1
DA:46,2
DA:50,1
DA:53,1
DA:56,1
DA:57,1
DA:59,1
LF:24
LH:24
end_of_record
SF:/Users/renggli/Programming/Dart/MoreDart/lib/src/interval/bound.dart
DA:9,1
DA:12,1
DA:13,1
DA:16,1
DA:17,1
DA:20,1
DA:21,1
DA:24,1
LF:8
LH:8
end_of_record
SF:/Users/renggli/Programming/Dart/MoreDart/lib/src/cache/cache.dart
DA:14,1
DA:15,1
DA:28,1
DA:32,1
DA:38,1
DA:39,1
DA:45,1
DA:46,1
DA:49,1
LF:9
LH:9
end_of_record
SF:/Users/renggli/Programming/Dart/MoreDart/lib/src/cache/delegate.dart
DA:8,1
DA:12,1
DA:13,2
DA:15,1
DA:16,2
DA:18,1
DA:19,2
DA:21,1
DA:22,2
DA:24,1
DA:25,2
DA:27,1
DA:28,2
DA:30,1
DA:31,2
DA:33,1
DA:35,3
LF:17
LH:17
end_of_record
SF:/Users/renggli/Programming/Dart/MoreDart/lib/src/cache/empty.dart
DA:8,1
DA:13,1
DA:16,3
DA:19,1
DA:22,1
DA:25,1
DA:28,1
DA:31,1
LF:8
LH:8
end_of_record
SF:/Users/renggli/Programming/Dart/MoreDart/lib/src/cache/expiry.dart
DA:12,1
DA:29,1
DA:30,2
DA:31,2
DA:33,5
DA:34,2
DA:35,1
DA:36,3
DA:37,2
DA:39,2
DA:40,1
DA:44,1
DA:45,2
DA:46,2
DA:49,1
DA:50,2
DA:53,2
DA:54,1
DA:58,1
DA:59,2
DA:60,2
DA:62,3
DA:64,1
DA:66,2
DA:67,2
DA:68,1
DA:72,3
DA:75,3
DA:78,3
DA:81,1
DA:82,2
DA:83,1
DA:84,3
DA:85,1
DA:86,1
DA:89,3
DA:90,1
DA:93,1
DA:94,1
DA:95,3
DA:96,2
DA:97,2
DA:101,1
DA:105,3
DA:107,1
DA:109,1
DA:110,2
DA:111,1
LF:48
LH:48
end_of_record
SF:/Users/renggli/Programming/Dart/MoreDart/lib/src/cache/fifo.dart
DA:6,1
DA:10,1
DA:11,2
LF:3
LH:3
end_of_record
SF:/Users/renggli/Programming/Dart/MoreDart/lib/src/cache/lru.dart
DA:10,1
DA:20,3
DA:23,1
DA:24,1
DA:26,5
DA:27,1
DA:29,1
DA:33,1
DA:34,1
DA:36,3
DA:37,1
DA:39,1
DA:45,3
DA:48,3
DA:51,3
DA:54,1
DA:56,1
DA:57,2
DA:59,2
DA:64,1
DA:65,4
DA:66,5
DA:70,1
DA:71,1
DA:72,3
DA:73,2
LF:26
LH:26
end_of_record
SF:/Users/renggli/Programming/Dart/MoreDart/lib/src/cache/item.dart
DA:4,1
LF:1
LH:1
end_of_record
SF:/Users/renggli/Programming/Dart/MoreDart/lib/src/async/buffer.dart
DA:13,1
DA:18,1
DA:19,1
DA:20,0
DA:21,1
DA:27,1
DA:28,1
DA:29,1
DA:30,2
DA:31,1
DA:35,1
DA:36,2
DA:37,1
DA:39,1
DA:40,1
DA:41,1
DA:47,1
DA:48,1
DA:51,1
DA:52,1
DA:55,1
DA:56,1
DA:57,1
DA:61,1
DA:62,1
DA:63,1
DA:66,1
DA:67,1
DA:70,1
DA:71,1
DA:72,1
DA:76,2
DA:78,1
DA:79,1
DA:82,2
DA:83,1
DA:84,1
DA:86,2
DA:87,1
DA:88,1
DA:90,2
DA:91,1
DA:92,2
DA:93,2
DA:95,1
LF:45
LH:44
end_of_record
SF:/Users/renggli/Programming/Dart/MoreDart/lib/src/async/flat_map.dart
DA:6,1
DA:7,1
DA:13,1
DA:14,1
LF:4
LH:4
end_of_record
SF:/Users/renggli/Programming/Dart/MoreDart/lib/src/async/flatten_iterable.dart
DA:3,3
LF:1
LH:1
end_of_record
SF:/Users/renggli/Programming/Dart/MoreDart/lib/src/async/flatten_stream.dart
DA:3,3
LF:1
LH:1
end_of_record
SF:/Users/renggli/Programming/Dart/MoreDart/lib/src/async/tap.dart
DA:10,1
DA:20,2
DA:23,1
DA:24,1
DA:25,1
DA:28,1
DA:29,1
DA:30,1
DA:31,1
DA:34,1
DA:35,1
DA:36,1
DA:37,1
DA:40,2
DA:41,1
DA:42,1
DA:45,2
DA:46,1
DA:47,1
DA:49,2
DA:50,1
DA:51,1
DA:53,2
DA:54,1
DA:55,2
DA:58,1
LF:26
LH:26
end_of_record
SF:/Users/renggli/Programming/Dart/MoreDart/lib/src/async/where_type.dart
DA:3,5
LF:1
LH:1
end_of_record
SF:/Users/renggli/Programming/Dart/MoreDart/lib/src/async/window_stream.dart
DA:8,1
DA:10,1
DA:11,1
DA:13,1
DA:14,1
DA:17,1
DA:18,2
DA:19,3
DA:20,1
DA:21,2
DA:22,5
DA:26,1
DA:29,1
DA:30,2
DA:31,1
DA:34,3
DA:35,1
DA:36,2
DA:37,1
DA:38,2
LF:20
LH:20
end_of_record
